<?xml version="1.0" encoding="UTF-8"?>
<!-- Generated by org.testng.reporters.JUnitReportReporter -->
<testsuite hostname="DESKTOP-90H07MS" failures="0" tests="2" name="testcases.LoginPage" time="34.702" errors="0" timestamp="2021-10-27T22:33:30 IST" skipped="0">
  <testcase classname="testcases.LoginPage" name="Login" time="28.157"/>
  <system-out/>
  <testcase classname="testcases.LoginPage" name="EnterValidCredentials" time="6.545"/>
  <system-out/>
</testsuite> <!-- testcases.LoginPage -->
